Determining if the pthread_create exist failed with the following output:
Change Dir: /users/alexyu0/postgres/src/backend/replication/eRPC_wrap/eRPC/CMakeFiles/CMakeTmp

Run Build Command:"/usr/bin/make" "cmTC_8c021/fast"
/usr/bin/make -f CMakeFiles/cmTC_8c021.dir/build.make CMakeFiles/cmTC_8c021.dir/build
make[1]: Entering directory '/users/alexyu0/postgres/src/backend/replication/eRPC_wrap/eRPC/CMakeFiles/CMakeTmp'
Building C object CMakeFiles/cmTC_8c021.dir/CheckSymbolExists.c.o
/usr/bin/cc     -o CMakeFiles/cmTC_8c021.dir/CheckSymbolExists.c.o   -c /users/alexyu0/postgres/src/backend/replication/eRPC_wrap/eRPC/CMakeFiles/CMakeTmp/CheckSymbolExists.c
Linking C executable cmTC_8c021
/usr/bin/cmake -E cmake_link_script CMakeFiles/cmTC_8c021.dir/link.txt --verbose=1
/usr/bin/cc       CMakeFiles/cmTC_8c021.dir/CheckSymbolExists.c.o  -o cmTC_8c021 -rdynamic 
CMakeFiles/cmTC_8c021.dir/CheckSymbolExists.c.o: In function `main':
CheckSymbolExists.c:(.text+0x16): undefined reference to `pthread_create'
collect2: error: ld returned 1 exit status
CMakeFiles/cmTC_8c021.dir/build.make:97: recipe for target 'cmTC_8c021' failed
make[1]: *** [cmTC_8c021] Error 1
make[1]: Leaving directory '/users/alexyu0/postgres/src/backend/replication/eRPC_wrap/eRPC/CMakeFiles/CMakeTmp'
Makefile:126: recipe for target 'cmTC_8c021/fast' failed
make: *** [cmTC_8c021/fast] Error 2

File /users/alexyu0/postgres/src/backend/replication/eRPC_wrap/eRPC/CMakeFiles/CMakeTmp/CheckSymbolExists.c:
/* */
#include <pthread.h>

int main(int argc, char** argv)
{
  (void)argv;
#ifndef pthread_create
  return ((int*)(&pthread_create))[argc];
#else
  (void)argc;
  return 0;
#endif
}

Determining if the function pthread_create exists in the pthreads failed with the following output:
Change Dir: /users/alexyu0/postgres/src/backend/replication/eRPC_wrap/eRPC/CMakeFiles/CMakeTmp

Run Build Command:"/usr/bin/make" "cmTC_a751b/fast"
/usr/bin/make -f CMakeFiles/cmTC_a751b.dir/build.make CMakeFiles/cmTC_a751b.dir/build
make[1]: Entering directory '/users/alexyu0/postgres/src/backend/replication/eRPC_wrap/eRPC/CMakeFiles/CMakeTmp'
Building C object CMakeFiles/cmTC_a751b.dir/CheckFunctionExists.c.o
/usr/bin/cc    -DCHECK_FUNCTION_EXISTS=pthread_create   -o CMakeFiles/cmTC_a751b.dir/CheckFunctionExists.c.o   -c /usr/share/cmake-3.5/Modules/CheckFunctionExists.c
Linking C executable cmTC_a751b
/usr/bin/cmake -E cmake_link_script CMakeFiles/cmTC_a751b.dir/link.txt --verbose=1
/usr/bin/cc   -DCHECK_FUNCTION_EXISTS=pthread_create    CMakeFiles/cmTC_a751b.dir/CheckFunctionExists.c.o  -o cmTC_a751b -rdynamic -lpthreads 
/usr/bin/ld: cannot find -lpthreads
collect2: error: ld returned 1 exit status
CMakeFiles/cmTC_a751b.dir/build.make:97: recipe for target 'cmTC_a751b' failed
make[1]: *** [cmTC_a751b] Error 1
make[1]: Leaving directory '/users/alexyu0/postgres/src/backend/replication/eRPC_wrap/eRPC/CMakeFiles/CMakeTmp'
Makefile:126: recipe for target 'cmTC_a751b/fast' failed
make: *** [cmTC_a751b/fast] Error 2


Determining if the pthread_create exist failed with the following output:
Change Dir: /users/alexyu0/postgres/src/backend/replication/eRPC/CMakeFiles/CMakeTmp

Run Build Command:"/usr/bin/make" "cmTC_2bee1/fast"
/usr/bin/make -f CMakeFiles/cmTC_2bee1.dir/build.make CMakeFiles/cmTC_2bee1.dir/build
make[1]: Entering directory '/users/alexyu0/postgres/src/backend/replication/eRPC/CMakeFiles/CMakeTmp'
Building C object CMakeFiles/cmTC_2bee1.dir/CheckSymbolExists.c.o
/usr/bin/cc     -o CMakeFiles/cmTC_2bee1.dir/CheckSymbolExists.c.o   -c /users/alexyu0/postgres/src/backend/replication/eRPC/CMakeFiles/CMakeTmp/CheckSymbolExists.c
Linking C executable cmTC_2bee1
/usr/bin/cmake -E cmake_link_script CMakeFiles/cmTC_2bee1.dir/link.txt --verbose=1
/usr/bin/cc       CMakeFiles/cmTC_2bee1.dir/CheckSymbolExists.c.o  -o cmTC_2bee1 -rdynamic 
CMakeFiles/cmTC_2bee1.dir/CheckSymbolExists.c.o: In function `main':
CheckSymbolExists.c:(.text+0x16): undefined reference to `pthread_create'
collect2: error: ld returned 1 exit status
CMakeFiles/cmTC_2bee1.dir/build.make:97: recipe for target 'cmTC_2bee1' failed
make[1]: *** [cmTC_2bee1] Error 1
make[1]: Leaving directory '/users/alexyu0/postgres/src/backend/replication/eRPC/CMakeFiles/CMakeTmp'
Makefile:126: recipe for target 'cmTC_2bee1/fast' failed
make: *** [cmTC_2bee1/fast] Error 2

File /users/alexyu0/postgres/src/backend/replication/eRPC/CMakeFiles/CMakeTmp/CheckSymbolExists.c:
/* */
#include <pthread.h>

int main(int argc, char** argv)
{
  (void)argv;
#ifndef pthread_create
  return ((int*)(&pthread_create))[argc];
#else
  (void)argc;
  return 0;
#endif
}

Determining if the function pthread_create exists in the pthreads failed with the following output:
Change Dir: /users/alexyu0/postgres/src/backend/replication/eRPC/CMakeFiles/CMakeTmp

Run Build Command:"/usr/bin/make" "cmTC_c61d8/fast"
/usr/bin/make -f CMakeFiles/cmTC_c61d8.dir/build.make CMakeFiles/cmTC_c61d8.dir/build
make[1]: Entering directory '/users/alexyu0/postgres/src/backend/replication/eRPC/CMakeFiles/CMakeTmp'
Building C object CMakeFiles/cmTC_c61d8.dir/CheckFunctionExists.c.o
/usr/bin/cc    -DCHECK_FUNCTION_EXISTS=pthread_create   -o CMakeFiles/cmTC_c61d8.dir/CheckFunctionExists.c.o   -c /usr/share/cmake-3.5/Modules/CheckFunctionExists.c
Linking C executable cmTC_c61d8
/usr/bin/cmake -E cmake_link_script CMakeFiles/cmTC_c61d8.dir/link.txt --verbose=1
/usr/bin/cc   -DCHECK_FUNCTION_EXISTS=pthread_create    CMakeFiles/cmTC_c61d8.dir/CheckFunctionExists.c.o  -o cmTC_c61d8 -rdynamic -lpthreads 
/usr/bin/ld: cannot find -lpthreads
collect2: error: ld returned 1 exit status
CMakeFiles/cmTC_c61d8.dir/build.make:97: recipe for target 'cmTC_c61d8' failed
make[1]: *** [cmTC_c61d8] Error 1
make[1]: Leaving directory '/users/alexyu0/postgres/src/backend/replication/eRPC/CMakeFiles/CMakeTmp'
Makefile:126: recipe for target 'cmTC_c61d8/fast' failed
make: *** [cmTC_c61d8/fast] Error 2


